<?xml version="1.0" encoding="UTF-8"?>
<!-- Generated by org.testng.reporters.JUnitReportReporter -->
<testsuite hostname="Hp" name="folder2.B" tests="1" failures="0" timestamp="29 Feb 2016 01:06:16 GMT" time="0.000" errors="0">
  <testcase name="m2" time="0.000" classname="folder2.B"/>
</testsuite> <!-- folder2.B -->
